{
  meta: {
    req: {
      url: '/auth/logout',
      headers: {
        host: 'localhost:5000',
        connection: 'keep-alive',
        pragma: 'no-cache',
        'cache-control': 'no-cache',
        'sec-ch-ua': '"Google Chrome";v="123", "Not:A-Brand";v="8", "Chromium";v="123"',
        'sec-ch-ua-mobile': '?0',
        'sec-ch-ua-platform': '"Windows"',
        'upgrade-insecure-requests': '1',
        'user-agent': 'Mozilla/5.0 (Windows NT 10.0; Win64; x64) AppleWebKit/537.36 (KHTML, like Gecko) Chrome/123.0.0.0 Safari/537.36',
        accept: 'text/html,application/xhtml+xml,application/xml;q=0.9,image/avif,image/webp,image/apng,*/*;q=0.8,application/signed-exchange;v=b3;q=0.7',
        'sec-fetch-site': 'same-site',
        'sec-fetch-mode': 'navigate',
        'sec-fetch-user': '?1',
        'sec-fetch-dest': 'document',
        referer: 'http://localhost:3000/',
        'accept-encoding': 'gzip, deflate, br, zstd',
        'accept-language': 'en-US,en;q=0.9',
        cookie: '__stripe_mid=0a9a8161-5b9b-41a7-aa70-cb53698b026452c010; PHPSESSID=l7jj3s2k6cc5jga42scj0hrkfp; csrftoken=klULGELU23lnWDC1lRszkBVx9WT0BwNs; sessionid=d3udc98s23v8ys40enpe8z0cx5fg3w16; connect.sid=s%3A20vrmM2EaxEr0SydYynCoQSMgVao8P6K.xrIlhwOfsXYQQIjX3II5pFMQdmQ1t35lZTwbXLMJhwo'
      },
      method: 'GET',
      httpVersion: '1.1',
      originalUrl: '/auth/logout',
      query: {}
    },
    res: { statusCode: 302 },
    responseTime: 16
  },
  level: 'info',
  message: 'HTTP GET /auth/logout'
}
{
  meta: {
    req: {
      url: '/user/login',
      headers: {
        host: 'localhost:5000',
        connection: 'keep-alive',
        'content-length': '52',
        pragma: 'no-cache',
        'cache-control': 'no-cache',
        'sec-ch-ua': '"Google Chrome";v="123", "Not:A-Brand";v="8", "Chromium";v="123"',
        accept: 'application/json, text/plain, */*',
        'content-type': 'application/json',
        'sec-ch-ua-mobile': '?0',
        'user-agent': 'Mozilla/5.0 (Windows NT 10.0; Win64; x64) AppleWebKit/537.36 (KHTML, like Gecko) Chrome/123.0.0.0 Safari/537.36',
        'sec-ch-ua-platform': '"Windows"',
        origin: 'http://localhost:3000',
        'sec-fetch-site': 'same-site',
        'sec-fetch-mode': 'cors',
        'sec-fetch-dest': 'empty',
        referer: 'http://localhost:3000/',
        'accept-encoding': 'gzip, deflate, br, zstd',
        'accept-language': 'en-US,en;q=0.9'
      },
      method: 'POST',
      httpVersion: '1.1',
      originalUrl: '/user/login',
      query: {}
    },
    res: { statusCode: 200 },
    responseTime: 176
  },
  level: 'info',
  message: 'HTTP POST /user/login'
}
{
  meta: {
    req: {
      url: '/user/userInfo',
      headers: {
        host: 'localhost:5000',
        connection: 'keep-alive',
        'content-length': '233',
        pragma: 'no-cache',
        'cache-control': 'no-cache',
        'sec-ch-ua': '"Google Chrome";v="123", "Not:A-Brand";v="8", "Chromium";v="123"',
        accept: 'application/json, text/plain, */*',
        'content-type': 'application/json',
        'sec-ch-ua-mobile': '?0',
        'x-access-token': 'eyJhbGciOiJIUzI1NiIsInR5cCI6IkpXVCJ9.eyJpZCI6IjY1ZGYzM2NhNDM3ZWNiZGQ4MzkwMGU2NyIsImlhdCI6MTcxNDUzODMyMiwiZXhwIjoxNzE0NjIyOTIyfQ.yWBvaOEcDLbsippcME_koTrKIoZ1p0XJGkjsycAcvWM',
        'user-agent': 'Mozilla/5.0 (Windows NT 10.0; Win64; x64) AppleWebKit/537.36 (KHTML, like Gecko) Chrome/123.0.0.0 Safari/537.36',
        'sec-ch-ua-platform': '"Windows"',
        origin: 'http://localhost:3000',
        'sec-fetch-site': 'same-site',
        'sec-fetch-mode': 'cors',
        'sec-fetch-dest': 'empty',
        referer: 'http://localhost:3000/',
        'accept-encoding': 'gzip, deflate, br, zstd',
        'accept-language': 'en-US,en;q=0.9'
      },
      method: 'POST',
      httpVersion: '1.1',
      originalUrl: '/user/userInfo',
      query: {}
    },
    res: { statusCode: 200 },
    responseTime: 82
  },
  level: 'info',
  message: 'HTTP POST /user/userInfo'
}
